<?xml version="1.0" encoding="utf-8"?><testsuites name="pytest tests"><testsuite name="pytest" errors="0" failures="0" skipped="0" tests="15" time="3.387" timestamp="2026-03-13T19:37:27.066071+00:00" hostname="agent-env-01351c28-307a-4885-a8d2-574f5c937dff"><testcase classname="backend.tests.test_dashboard_v2.TestDashboardCC2026" name="test_dashboard_cc2026_returns_metrics" time="0.295" /><testcase classname="backend.tests.test_dashboard_v2.TestDashboardCC2026" name="test_dashboard_luciole_funnel_has_5_stages" time="0.166" /><testcase classname="backend.tests.test_dashboard_v2.TestDashboardCC2026" name="test_dashboard_cc2026_with_admin_key_returns_more_data" time="0.308" /><testcase classname="backend.tests.test_dashboard_v2.TestDashboardLive" name="test_live_endpoint_returns_lightweight_metrics" time="0.140" /><testcase classname="backend.tests.test_dashboard_v2.TestAdminEndpointsXAdminKey" name="test_list_clients_no_auth_required" time="0.172" /><testcase classname="backend.tests.test_dashboard_v2.TestAdminEndpointsXAdminKey" name="test_create_client_without_admin_key_returns_422" time="0.163" /><testcase classname="backend.tests.test_dashboard_v2.TestAdminEndpointsXAdminKey" name="test_create_client_with_invalid_admin_key_returns_403" time="0.162" /><testcase classname="backend.tests.test_dashboard_v2.TestAdminEndpointsXAdminKey" name="test_create_client_with_valid_admin_key_succeeds" time="0.155" /><testcase classname="backend.tests.test_dashboard_v2.TestAdminEndpointsXAdminKey" name="test_delete_client_without_admin_key_returns_422" time="0.129" /><testcase classname="backend.tests.test_dashboard_v2.TestAdminEndpointsXAdminKey" name="test_delete_client_with_invalid_admin_key_returns_403" time="0.126" /><testcase classname="backend.tests.test_dashboard_v2.TestAdminEndpointsXAdminKey" name="test_delete_client_with_valid_admin_key_and_nonexistent_returns_404" time="0.160" /><testcase classname="backend.tests.test_dashboard_v2.TestRGPDDeletionEndpoint" name="test_rgpd_delete_without_admin_key_returns_422" time="0.128" /><testcase classname="backend.tests.test_dashboard_v2.TestRGPDDeletionEndpoint" name="test_rgpd_delete_with_invalid_admin_key_returns_403" time="0.142" /><testcase classname="backend.tests.test_dashboard_v2.TestRGPDDeletionEndpoint" name="test_rgpd_delete_nonexistent_identity_returns_404" time="0.145" /><testcase classname="backend.tests.test_dashboard_v2.TestRGPDDeletionEndpoint" name="test_rgpd_delete_creates_and_deletes_identity" time="0.921" /></testsuite></testsuites>