<?xml version="1.0" encoding="utf-8"?><testsuites name="pytest tests"><testsuite name="pytest" errors="0" failures="0" skipped="0" tests="8" time="0.979" timestamp="2026-07-08T19:00:54.840800+00:00" hostname="agent-env-6d08d775-1b28-4388-84f4-50eff55e1103"><testcase classname="tests.test_iter25.TestIdentity" name="test_identity_init" time="0.109" /><testcase classname="tests.test_iter25.TestIdentity" name="test_identity_register_begin" time="0.013" /><testcase classname="tests.test_iter25.TestMomentSign" name="test_moment_sign" time="0.008" /><testcase classname="tests.test_iter25.TestFK" name="test_fk_create_and_download_default" time="0.485" /><testcase classname="tests.test_iter25.TestFK" name="test_fk_download_compat_zip" time="0.132" /><testcase classname="tests.test_iter25.TestFK" name="test_fk_download_unknown_id" time="0.006" /><testcase classname="tests.test_iter25.TestFK" name="test_fk_verify_roundtrip" time="0.151" /><testcase classname="tests.test_iter25.TestFK" name="test_fk_detail_available" time="0.006" /></testsuite></testsuites>