<?xml version="1.0" encoding="utf-8"?><testsuites name="pytest tests"><testsuite name="pytest" errors="0" failures="0" skipped="0" tests="16" time="6.632" timestamp="2026-05-06T10:21:57.934167+00:00" hostname="agent-env-6d08d775-1b28-4388-84f4-50eff55e1103"><testcase classname="tests.test_security_hardening.TestRateLimit" name="test_emit_silent_429_when_quota_exceeded" time="0.351" /><testcase classname="tests.test_security_hardening.TestRateLimit" name="test_anomaly_recorded_on_rate_limit" time="0.302" /><testcase classname="tests.test_security_hardening.TestRateLimit" name="test_idempotent_emit_does_not_consume_quota" time="0.571" /><testcase classname="tests.test_security_hardening.TestStaffLockout" name="test_5_bad_pin_locks_account" time="0.832" /><testcase classname="tests.test_security_hardening.TestStaffLockout" name="test_lockout_listed_in_admin" time="0.878" /><testcase classname="tests.test_security_hardening.TestStaffLockout" name="test_anomaly_trail_staff_lockout" time="0.959" /><testcase classname="tests.test_security_hardening.TestStaffLockout" name="test_manual_unlock_restores_login" time="0.912" /><testcase classname="tests.test_security_hardening.TestAdminAuthGuard" name="test_events_no_admin_key_403" time="0.103" /><testcase classname="tests.test_security_hardening.TestAdminAuthGuard" name="test_lockouts_no_admin_key_403" time="0.116" /><testcase classname="tests.test_security_hardening.TestAdminAuthGuard" name="test_unlock_no_admin_key_403" time="0.116" /><testcase classname="tests.test_security_hardening.TestAdminAuthGuard" name="test_wrong_admin_key_403" time="0.126" /><testcase classname="tests.test_security_hardening.TestRotateRevokesToken" name="test_token_issued_before_rotate_is_revoked" time="0.689" /><testcase classname="tests.test_security_hardening.TestSpecExtension" name="test_spec_version_unchanged" time="0.104" /><testcase classname="tests.test_security_hardening.TestSpecExtension" name="test_spec_has_domains_section" time="0.120" /><testcase classname="tests.test_security_hardening.TestSpecExtension" name="test_spec_has_security_policies_section" time="0.116" /><testcase classname="tests.test_security_hardening.TestSpecExtension" name="test_spec_no_anomaly_leak_in_public_endpoints" time="0.212" /></testsuite></testsuites>