<?xml version="1.0" encoding="utf-8"?><testsuites name="pytest tests"><testsuite name="pytest" errors="0" failures="0" skipped="0" tests="26" time="8.860" timestamp="2026-05-06T09:42:58.914143+00:00" hostname="agent-env-6d08d775-1b28-4388-84f4-50eff55e1103"><testcase classname="backend.tests.test_governance_phase2.TestEventIdPropagation" name="test_emit_with_event_creates_block_with_event_id_and_spec_version" time="0.261" /><testcase classname="backend.tests.test_governance_phase2.TestEventIdPropagation" name="test_stage_transition_block_carries_event_id" time="1.144" /><testcase classname="backend.tests.test_governance_phase2.TestEventIdPropagation" name="test_revocation_block_with_event_id" time="1.686" /><testcase classname="backend.tests.test_governance_phase2.TestNotaryFilters" name="test_list_blocks_filter_event_id_only_returns_matching" time="0.047" /><testcase classname="backend.tests.test_governance_phase2.TestNotaryFilters" name="test_list_blocks_no_filter_returns_all" time="0.052" /><testcase classname="backend.tests.test_governance_phase2.TestNotaryFilters" name="test_list_blocks_filter_payload_type_revocation" time="0.042" /><testcase classname="backend.tests.test_governance_phase2.TestNotaryFilters" name="test_chain_events_aggregation" time="0.045" /><testcase classname="backend.tests.test_governance_phase2.TestNotaryFilters" name="test_chain_status_spec_version_and_events" time="0.048" /><testcase classname="backend.tests.test_governance_phase2.TestNotaryFilters" name="test_chain_verify_backwards_compat" time="0.047" /><testcase classname="backend.tests.test_governance_phase2.TestStaffScanEventId" name="test_walkin_emit_creates_block_with_event_id" time="1.641" /><testcase classname="backend.tests.test_governance_phase2.TestStaffScanEventId" name="test_scan_access_propagates_event_id" time="2.140" /><testcase classname="backend.tests.test_governance_phase2.TestAdminClients" name="test_create_without_admin_key_returns_403" time="0.087" /><testcase classname="backend.tests.test_governance_phase2.TestAdminClients" name="test_create_client_returns_secret" time="0.044" /><testcase classname="backend.tests.test_governance_phase2.TestAdminClients" name="test_create_duplicate_client_id_returns_409" time="0.043" /><testcase classname="backend.tests.test_governance_phase2.TestAdminClients" name="test_new_client_can_login" time="0.044" /><testcase classname="backend.tests.test_governance_phase2.TestAdminClients" name="test_list_clients_shows_event_field" time="0.044" /><testcase classname="backend.tests.test_governance_phase2.TestAdminClients" name="test_rotate_invalidates_old_secret" time="0.210" /><testcase classname="backend.tests.test_governance_phase2.TestAdminClients" name="test_patch_unknown_client_returns_404" time="0.049" /><testcase classname="backend.tests.test_governance_phase2.TestAdminClients" name="test_patch_empty_body_returns_400" time="0.061" /><testcase classname="backend.tests.test_governance_phase2.TestAdminClients" name="test_patch_updates_individual_fields" time="0.257" /><testcase classname="backend.tests.test_governance_phase2.TestAdminClients" name="test_soft_delete_then_login_blocked" time="0.261" /><testcase classname="backend.tests.test_governance_phase2.TestDeactivatedTokenEnforcement" name="test_existing_token_rejected_after_deactivation" time="0.268" /><testcase classname="backend.tests.test_governance_phase2.TestRegression" name="test_kilti_token_works" time="0.000" /><testcase classname="backend.tests.test_governance_phase2.TestRegression" name="test_emit_idempotence" time="0.135" /><testcase classname="backend.tests.test_governance_phase2.TestRegression" name="test_audit_endpoint_works" time="0.087" /><testcase classname="backend.tests.test_governance_phase2.TestRegression" name="test_notary_health" time="0.045" /></testsuite></testsuites>