<?xml version="1.0" encoding="utf-8"?><testsuites name="pytest tests"><testsuite name="pytest" errors="0" failures="0" skipped="0" tests="9" time="0.576" timestamp="2026-07-08T17:17:24.522439+00:00" hostname="agent-env-6d08d775-1b28-4388-84f4-50eff55e1103"><testcase classname="tests.test_universe_mission.TestHealth" name="test_health_deep" time="0.134" /><testcase classname="tests.test_universe_mission.TestStats" name="test_moment_stats" time="0.055" /><testcase classname="tests.test_universe_mission.TestStats" name="test_fk_stats" time="0.047" /><testcase classname="tests.test_universe_mission.TestIdentityInit" name="test_init_individual_returns_valid_frek_id" time="0.047" /><testcase classname="tests.test_universe_mission.TestIdentityInit" name="test_init_institution_returns_valid_frek_id" time="0.047" /><testcase classname="tests.test_universe_mission.TestIdentityInit" name="test_init_professional_returns_valid_frek_id" time="0.046" /><testcase classname="tests.test_universe_mission.TestAuthenticateBegin" name="test_authenticate_begin_returns_challenge" time="0.045" /><testcase classname="tests.test_universe_mission.TestMomentSign" name="test_moment_sign_minimal" time="0.053" /><testcase classname="tests.test_universe_mission.TestSpec" name="test_spec_root" time="0.045" /></testsuite></testsuites>