<?xml version="1.0" encoding="utf-8"?><testsuites name="pytest tests"><testsuite name="pytest" errors="0" failures="0" skipped="0" tests="19" time="0.930" timestamp="2026-07-08T16:25:24.195643+00:00" hostname="agent-env-6d08d775-1b28-4388-84f4-50eff55e1103"><testcase classname="tests.test_identity_engine.TestIdentityInit" name="test_init_individual_ok" time="0.105" /><testcase classname="tests.test_identity_engine.TestIdentityInit" name="test_init_invalid_type_returns_400" time="0.045" /><testcase classname="tests.test_identity_engine.TestIdentityInit" name="test_init_professional_ok" time="0.048" /><testcase classname="tests.test_identity_engine.TestRegisterBegin" name="test_register_begin_returns_valid_options" time="0.047" /><testcase classname="tests.test_identity_engine.TestRegisterBegin" name="test_register_begin_unknown_frek_id_404" time="0.047" /><testcase classname="tests.test_identity_engine.TestAuthenticateBegin" name="test_authenticate_begin_returns_options" time="0.046" /><testcase classname="tests.test_identity_engine.TestGetIdentity" name="test_get_public_view" time="0.046" /><testcase classname="tests.test_identity_engine.TestGetIdentity" name="test_get_unknown_404" time="0.046" /><testcase classname="tests.test_identity_engine.TestAuthGuards" name="test_me_without_session_401" time="0.045" /><testcase classname="tests.test_identity_engine.TestAuthGuards" name="test_me_with_fake_session_401" time="0.045" /><testcase classname="tests.test_identity_engine.TestAuthGuards" name="test_get_objects_without_session_401" time="0.046" /><testcase classname="tests.test_identity_engine.TestAuthGuards" name="test_get_objects_with_fake_session_401" time="0.045" /><testcase classname="tests.test_identity_engine.TestAuthGuards" name="test_link_object_without_session_401" time="0.045" /><testcase classname="tests.test_identity_engine.TestAuthGuards" name="test_link_object_with_fake_session_401" time="0.045" /><testcase classname="tests.test_identity_engine.TestRegressionSmoke" name="test_fk_stats" time="0.046" /><testcase classname="tests.test_identity_engine.TestRegressionSmoke" name="test_moment_stats" time="0.047" /><testcase classname="tests.test_identity_engine.TestRegressionSmoke" name="test_moment_sign_json" time="0.049" /><testcase classname="tests.test_identity_engine.TestRegressionSmoke" name="test_moment_sign_media_multipart" time="0.006" /><testcase classname="tests.test_identity_engine.TestRegressionSmoke" name="test_fk_create_multipart" time="0.008" /></testsuite></testsuites>