<?xml version="1.0" encoding="utf-8"?><testsuites name="pytest tests"><testsuite name="pytest" errors="0" failures="0" skipped="0" tests="24" time="8.326" timestamp="2026-03-13T19:19:50.881162+00:00" hostname="agent-env-01351c28-307a-4885-a8d2-574f5c937dff"><testcase classname="backend.tests.test_frek_v1_api.TestHealthEndpoint" name="test_health_returns_ok" time="0.259" /><testcase classname="backend.tests.test_frek_v1_api.TestAuthEndpoints" name="test_auth_kiltikonet_client" time="0.148" /><testcase classname="backend.tests.test_frek_v1_api.TestAuthEndpoints" name="test_auth_cvl_brain_client" time="0.137" /><testcase classname="backend.tests.test_frek_v1_api.TestAuthEndpoints" name="test_auth_invalid_credentials_returns_401" time="0.188" /><testcase classname="backend.tests.test_frek_v1_api.TestAuthEndpoints" name="test_auth_invalid_grant_type_returns_400" time="0.126" /><testcase classname="backend.tests.test_frek_v1_api.TestIdentityEndpoints" name="test_emit_creates_new_identity" time="0.299" /><testcase classname="backend.tests.test_frek_v1_api.TestIdentityEndpoints" name="test_emit_idempotent_same_email" time="0.428" /><testcase classname="backend.tests.test_frek_v1_api.TestIdentityEndpoints" name="test_emit_permission_denied_for_cvl_brain" time="0.247" /><testcase classname="backend.tests.test_frek_v1_api.TestIdentityEndpoints" name="test_emit_unauthenticated_returns_401" time="0.176" /><testcase classname="backend.tests.test_frek_v1_api.TestIdentityEndpoints" name="test_activate_identity" time="0.659" /><testcase classname="backend.tests.test_frek_v1_api.TestIdentityEndpoints" name="test_status_public_no_auth_required" time="0.420" /><testcase classname="backend.tests.test_frek_v1_api.TestIdentityEndpoints" name="test_detail_requires_auth" time="0.756" /><testcase classname="backend.tests.test_frek_v1_api.TestIdentityEndpoints" name="test_lookup_by_qr_token" time="0.531" /><testcase classname="backend.tests.test_frek_v1_api.TestStageEndpoints" name="test_record_workshop_stage" time="0.450" /><testcase classname="backend.tests.test_frek_v1_api.TestStageEndpoints" name="test_record_multiple_stages_append_only" time="0.814" /><testcase classname="backend.tests.test_frek_v1_api.TestStageEndpoints" name="test_get_stage_history" time="0.560" /><testcase classname="backend.tests.test_frek_v1_api.TestStatsEndpoints" name="test_cc2026_stats_with_objective" time="0.767" /><testcase classname="backend.tests.test_frek_v1_api.TestStatsEndpoints" name="test_stats_by_client" time="0.277" /><testcase classname="backend.tests.test_frek_v1_api.TestStatsEndpoints" name="test_cvl_brain_can_access_stats" time="0.264" /><testcase classname="backend.tests.test_frek_v1_api.TestAdminEndpoints" name="test_list_clients" time="0.126" /><testcase classname="backend.tests.test_frek_v1_api.TestAdminEndpoints" name="test_create_client" time="0.133" /><testcase classname="backend.tests.test_frek_v1_api.TestAdminEndpoints" name="test_create_duplicate_client_returns_409" time="0.122" /><testcase classname="backend.tests.test_frek_v1_api.TestLegacyRoutes" name="test_legacy_frek_root" time="0.140" /><testcase classname="backend.tests.test_frek_v1_api.TestLegacyRoutes" name="test_legacy_frek_stats" time="0.158" /></testsuite></testsuites>