<?xml version="1.0" encoding="utf-8"?><testsuites name="pytest tests"><testsuite name="pytest" errors="0" failures="0" skipped="0" tests="15" time="5.870" timestamp="2026-03-07T01:18:40.558646+00:00" hostname="agent-env-ee5f146c-79f2-4ed2-94a6-1b7256282fd4"><testcase classname="tests.test_frek_api.TestFREKCoreAPI" name="test_frek_info" time="1.118" /><testcase classname="tests.test_frek_api.TestFREKCoreAPI" name="test_frek_stats" time="0.171" /><testcase classname="tests.test_frek_api.TestFREKCoreAPI" name="test_certify_audio" time="2.645" /><testcase classname="tests.test_frek_api.TestFREKCoreAPI" name="test_certify_invalid_audio" time="0.185" /><testcase classname="tests.test_frek_api.TestFREKAdvancedReseau" name="test_reseau_info" time="0.123" /><testcase classname="tests.test_frek_api.TestFREKAdvancedReseau" name="test_reseau_stats" time="0.128" /><testcase classname="tests.test_frek_api.TestFREKAdvancedTransmission" name="test_transmission_info" time="0.141" /><testcase classname="tests.test_frek_api.TestFREKAdvancedTransmission" name="test_transmission_protocols" time="0.116" /><testcase classname="tests.test_frek_api.TestFREKAdvancedSysteme" name="test_systeme_info" time="0.122" /><testcase classname="tests.test_frek_api.TestFREKAdvancedSysteme" name="test_systeme_position" time="0.108" /><testcase classname="tests.test_frek_api.TestFREKAdvancedJuridique" name="test_juridique_info" time="0.113" /><testcase classname="tests.test_frek_api.TestFREKAdvancedJuridique" name="test_juridique_principle" time="0.107" /><testcase classname="tests.test_frek_api.TestFREKAdvancedInstitutionnel" name="test_institutionnel_info" time="0.139" /><testcase classname="tests.test_frek_api.TestFREKAdvancedInstitutionnel" name="test_institutionnel_oapi" time="0.108" /><testcase classname="tests.test_frek_api.TestFREKAdvancedInstitutionnel" name="test_institutionnel_offers" time="0.119" /></testsuite></testsuites>