<?xml version="1.0" encoding="utf-8"?><testsuites name="pytest tests"><testsuite name="pytest" errors="0" failures="0" skipped="0" tests="19" time="7.474" timestamp="2026-05-06T01:49:08.476997+00:00" hostname="agent-env-6d08d775-1b28-4388-84f4-50eff55e1103"><testcase classname="backend.tests.test_staff_scan.TestStaffLogin" name="test_all_default_agents_login" time="0.535" /><testcase classname="backend.tests.test_staff_scan.TestStaffLogin" name="test_wrong_pin_returns_401" time="0.109" /><testcase classname="backend.tests.test_staff_scan.TestStaffLogin" name="test_unknown_agent_returns_401" time="0.124" /><testcase classname="backend.tests.test_staff_scan.TestStaffLogin" name="test_me_without_token_401" time="0.123" /><testcase classname="backend.tests.test_staff_scan.TestStaffLogin" name="test_me_with_token" time="0.252" /><testcase classname="backend.tests.test_staff_scan.TestZonesMarchandsLookup" name="test_zones_with_token" time="0.255" /><testcase classname="backend.tests.test_staff_scan.TestZonesMarchandsLookup" name="test_marchands_requires_cashless_perm" time="0.347" /><testcase classname="backend.tests.test_staff_scan.TestZonesMarchandsLookup" name="test_badge_lookup_404" time="0.110" /><testcase classname="backend.tests.test_staff_scan.TestEmit" name="test_walkin_emit_creates_badge" time="0.386" /><testcase classname="backend.tests.test_staff_scan.TestEmit" name="test_emit_forbidden_for_acces" time="0.116" /><testcase classname="backend.tests.test_staff_scan.TestEmit" name="test_emit_forbidden_for_cashless" time="0.128" /><testcase classname="backend.tests.test_staff_scan.TestAccess" name="test_access_scan_records" time="3.579" /><testcase classname="backend.tests.test_staff_scan.TestAccess" name="test_access_scan_cashless_forbidden" time="0.139" /><testcase classname="backend.tests.test_staff_scan.TestCashless" name="test_cashless_payment" time="0.529" /><testcase classname="backend.tests.test_staff_scan.TestSync" name="test_sync_permission_per_kind" time="0.135" /><testcase classname="backend.tests.test_staff_scan.TestSync" name="test_sync_unknown_kind" time="0.110" /><testcase classname="backend.tests.test_staff_scan.TestPWAAssets" name="test_manifest_served" time="0.133" /><testcase classname="backend.tests.test_staff_scan.TestPWAAssets" name="test_sw_served" time="0.123" /><testcase classname="backend.tests.test_staff_scan.TestNotaryRegression" name="test_chain_status" time="0.138" /></testsuite></testsuites>