<?xml version="1.0" encoding="utf-8"?><testsuites name="pytest tests"><testsuite name="pytest" errors="0" failures="0" skipped="0" tests="24" time="12.234" timestamp="2026-05-06T09:20:13.828730+00:00" hostname="agent-env-6d08d775-1b28-4388-84f4-50eff55e1103"><testcase classname="backend.tests.test_governance_phase1.TestRevocation" name="test_revoke_no_auth_returns_401" time="0.344" /><testcase classname="backend.tests.test_governance_phase1.TestRevocation" name="test_revoke_unknown_frek_id_returns_404" time="0.104" /><testcase classname="backend.tests.test_governance_phase1.TestRevocation" name="test_revoke_success_then_idempotent" time="0.485" /><testcase classname="backend.tests.test_governance_phase1.TestRevocation" name="test_chain_integrity_after_revoke" time="0.345" /><testcase classname="backend.tests.test_governance_phase1.TestRenewalExpiration" name="test_renew_updates_expires_at" time="0.381" /><testcase classname="backend.tests.test_governance_phase1.TestRenewalExpiration" name="test_renew_blocked_on_revoked" time="1.004" /><testcase classname="backend.tests.test_governance_phase1.TestRenewalExpiration" name="test_emit_with_expires_at_in_past_marks_expired" time="0.226" /><testcase classname="backend.tests.test_governance_phase1.TestRenewalExpiration" name="test_emit_with_future_expires_at_not_expired" time="0.233" /><testcase classname="backend.tests.test_governance_phase1.TestScanBlocked" name="test_scan_blocked_on_revoked_frek" time="1.508" /><testcase classname="backend.tests.test_governance_phase1.TestScanBlocked" name="test_scan_blocked_on_expired_frek" time="1.005" /><testcase classname="backend.tests.test_governance_phase1.TestAuditTrail" name="test_audit_per_frek_public_no_auth" time="0.276" /><testcase classname="backend.tests.test_governance_phase1.TestAuditTrail" name="test_audit_per_frek_includes_revocation" time="1.224" /><testcase classname="backend.tests.test_governance_phase1.TestAuditTrail" name="test_audit_per_frek_unknown_returns_404" time="0.413" /><testcase classname="backend.tests.test_governance_phase1.TestAuditTrail" name="test_audit_per_frek_does_not_leak_email" time="0.904" /><testcase classname="backend.tests.test_governance_phase1.TestAuditTrail" name="test_audit_per_frek_sorted_asc" time="1.595" /><testcase classname="backend.tests.test_governance_phase1.TestAuditTrail" name="test_audit_per_agent_requires_auth" time="0.597" /><testcase classname="backend.tests.test_governance_phase1.TestAuditTrail" name="test_audit_per_agent_with_auth" time="0.123" /><testcase classname="backend.tests.test_governance_phase1.TestAuditTrail" name="test_audit_per_event_requires_stats_perm" time="0.116" /><testcase classname="backend.tests.test_governance_phase1.TestPreSeededIdentities" name="test_revoked_frek_status" time="0.112" /><testcase classname="backend.tests.test_governance_phase1.TestPreSeededIdentities" name="test_revoked_frek_audit_public" time="0.101" /><testcase classname="backend.tests.test_governance_phase1.TestPreSeededIdentities" name="test_notary_frek_audit" time="0.108" /><testcase classname="backend.tests.test_governance_phase1.TestRegression" name="test_chain_verify_still_valid" time="0.301" /><testcase classname="backend.tests.test_governance_phase1.TestRegression" name="test_staff_login_still_works" time="0.134" /><testcase classname="backend.tests.test_governance_phase1.TestRegression" name="test_token_endpoint_still_works" time="0.447" /></testsuite></testsuites>