<?xml version="1.0" encoding="utf-8"?><testsuites name="pytest tests"><testsuite name="pytest" errors="0" failures="0" skipped="1" tests="16" time="20.464" timestamp="2026-05-06T01:19:22.713610+00:00" hostname="agent-env-6d08d775-1b28-4388-84f4-50eff55e1103"><testcase classname="backend.tests.test_notary.TestNotaryHealth" name="test_health" time="0.217" /><testcase classname="backend.tests.test_notary.TestNotaryHealth" name="test_chain_status" time="0.138" /><testcase classname="backend.tests.test_notary.TestNotaryHealth" name="test_chain_verify" time="0.135" /><testcase classname="backend.tests.test_notary.TestIdentityEmitNotarized" name="test_chain_height_incremented" time="1.484" /><testcase classname="backend.tests.test_notary.TestIdentityEmitNotarized" name="test_proof_returned_for_frek_id" time="0.139" /><testcase classname="backend.tests.test_notary.TestStageTransitionsNotarized" name="test_multiple_blocks_for_same_payload" time="1.506" /><testcase classname="backend.tests.test_notary.TestBlocksListing" name="test_blocks_list_sorted_desc" time="0.110" /><testcase classname="backend.tests.test_notary.TestBlocksListing" name="test_single_block_lookup" time="0.249" /><testcase classname="backend.tests.test_notary.TestBlocksListing" name="test_single_block_not_found" time="0.121" /><testcase classname="backend.tests.test_notary.TestOTSAndAnchor" name="test_ots_download_after_wait" time="6.536" /><testcase classname="backend.tests.test_notary.TestOTSAndAnchor" name="test_anchor_sweep_requires_auth" time="0.126" /><testcase classname="backend.tests.test_notary.TestOTSAndAnchor" name="test_anchor_sweep_authorized" time="0.114" /><testcase classname="backend.tests.test_notary.TestOTSAndAnchor" name="test_anchor_upgrade_authorized" time="8.985" /><testcase classname="backend.tests.test_notary.TestFrekV1Regression" name="test_dashboard_summary" time="0.293"><skipped type="pytest.skip" message="no dashboard endpoint reachable: [('/api/v1/dashboard/summary', 404), ('/api/v1/dashboard', 404)]">/app/backend/tests/test_notary.py:282: no dashboard endpoint reachable: [('/api/v1/dashboard/summary', 404), ('/api/v1/dashboard', 404)]</skipped></testcase><testcase classname="backend.tests.test_notary.TestFrekV1Regression" name="test_badges_list" time="0.114" /><testcase classname="backend.tests.test_notary.TestFrekV1Regression" name="test_jetons_list" time="0.110" /></testsuite></testsuites>