<?xml version="1.0" encoding="utf-8"?><testsuites name="pytest tests"><testsuite name="pytest" errors="0" failures="0" skipped="0" tests="6" time="5.359" timestamp="2026-07-08T18:17:37.987847+00:00" hostname="agent-env-6d08d775-1b28-4388-84f4-50eff55e1103"><testcase classname="tests.test_engagement_regression.TestIdentityInit" name="test_init_returns_valid_frek_id" time="5.254" /><testcase classname="tests.test_engagement_regression.TestIdentityInit" name="test_init_default_type_individual" time="0.003" /><testcase classname="tests.test_engagement_regression.TestRegisterBegin" name="test_register_begin_returns_full_options" time="0.019" /><testcase classname="tests.test_engagement_regression.TestAuthenticateBegin" name="test_authenticate_begin_returns_options" time="0.006" /><testcase classname="tests.test_engagement_regression.TestMomentSign" name="test_moment_sign_returns_proof" time="0.008" /><testcase classname="tests.test_engagement_regression.TestFkCreate" name="test_fk_create_returns_object" time="0.009" /></testsuite></testsuites>