<?xml version="1.0" encoding="utf-8"?><testsuites name="pytest tests"><testsuite name="pytest" errors="0" failures="0" skipped="0" tests="29" time="4.179" timestamp="2026-03-13T21:06:13.336373+00:00" hostname="agent-env-01351c28-307a-4885-a8d2-574f5c937dff"><testcase classname="tests.test_cc2026_ecosystem.TestBadgesAPI" name="test_get_badge_types_returns_14_types" time="0.201" /><testcase classname="tests.test_cc2026_ecosystem.TestBadgesAPI" name="test_create_badge_vip_with_frek_identity" time="0.265" /><testcase classname="tests.test_cc2026_ecosystem.TestBadgesAPI" name="test_create_badge_art_type" time="0.070" /><testcase classname="tests.test_cc2026_ecosystem.TestBadgesAPI" name="test_create_badge_stf_type" time="0.060" /><testcase classname="tests.test_cc2026_ecosystem.TestBadgesAPI" name="test_create_badge_idempotent_same_email_returns_existing" time="0.192" /><testcase classname="tests.test_cc2026_ecosystem.TestBadgesAPI" name="test_activate_badge" time="0.181" /><testcase classname="tests.test_cc2026_ecosystem.TestBadgesAPI" name="test_confirm_badge" time="0.065" /><testcase classname="tests.test_cc2026_ecosystem.TestBadgesAPI" name="test_list_badges_with_filters" time="0.311" /><testcase classname="tests.test_cc2026_ecosystem.TestBadgesAPI" name="test_badge_stats_overview" time="0.082" /><testcase classname="tests.test_cc2026_ecosystem.TestJetonsAPI" name="test_list_packs_returns_4_packs" time="0.136" /><testcase classname="tests.test_cc2026_ecosystem.TestJetonsAPI" name="test_create_marchand" time="0.063" /><testcase classname="tests.test_cc2026_ecosystem.TestJetonsAPI" name="test_recharge_wallet_with_pack" time="0.061" /><testcase classname="tests.test_cc2026_ecosystem.TestJetonsAPI" name="test_paiement_marchand_debit_badge_credit_marchand" time="0.222" /><testcase classname="tests.test_cc2026_ecosystem.TestJetonsAPI" name="test_paiement_insufficient_balance_returns_400" time="0.122" /><testcase classname="tests.test_cc2026_ecosystem.TestJetonsAPI" name="test_get_solde" time="0.064" /><testcase classname="tests.test_cc2026_ecosystem.TestJetonsAPI" name="test_get_historique" time="0.077" /><testcase classname="tests.test_cc2026_ecosystem.TestJetonsAPI" name="test_jetons_stats_float_actif" time="0.066" /><testcase classname="tests.test_cc2026_ecosystem.TestEmailAPI" name="test_list_email_templates_campaign_types" time="0.125" /><testcase classname="tests.test_cc2026_ecosystem.TestEmailAPI" name="test_send_individual_email_log_mode" time="0.063" /><testcase classname="tests.test_cc2026_ecosystem.TestEmailAPI" name="test_launch_campaign_to_all_badges" time="0.055" /><testcase classname="tests.test_cc2026_ecosystem.TestEmailAPI" name="test_email_statistics" time="0.082" /><testcase classname="tests.test_cc2026_ecosystem.TestEventAPI" name="test_list_zones_with_access_rules" time="0.130" /><testcase classname="tests.test_cc2026_ecosystem.TestEventAPI" name="test_scan_badge_entry_authorized" time="0.112" /><testcase classname="tests.test_cc2026_ecosystem.TestEventAPI" name="test_scan_vip_can_enter_entree_and_vip_lounge" time="0.300" /><testcase classname="tests.test_cc2026_ecosystem.TestEventAPI" name="test_scan_art_can_enter_scene_and_backstage" time="0.254" /><testcase classname="tests.test_cc2026_ecosystem.TestEventAPI" name="test_scan_denied_for_wrong_badge_type_in_zone" time="0.179" /><testcase classname="tests.test_cc2026_ecosystem.TestEventAPI" name="test_live_event_stats" time="0.072" /><testcase classname="tests.test_cc2026_ecosystem.TestFrekStageRecording" name="test_metamorphose_stage_recorded_on_jeton_recharge" time="0.186" /><testcase classname="tests.test_cc2026_ecosystem.TestFrekStageRecording" name="test_emission_stage_recorded_on_scene_scan" time="0.275" /></testsuite></testsuites>